<?xml version="1.0" encoding="UTF-8"?>
<!-- Generated by org.testng.reporters.JUnitReportReporter -->
<testsuite hostname="NODE266" name="JenkinsTest11" tests="1" failures="0" timestamp="7 Nov 2014 05:59:34 GMT" time="0.010" errors="0">
  <testcase name="testJenkins" time="0.010" classname="JenkinsTest11"/>
</testsuite> <!-- JenkinsTest11 -->
